..............................................................................................................................................................................................................               [100%]
========================================================================================================= tests coverage ==========================================================================================================
_________________________________________________________________________________________ coverage: platform win32, python 3.13.5-final-0 _________________________________________________________________________________________

Name                                  Stmts   Miss  Cover   Missing
-------------------------------------------------------------------
module_6\src\db\db_config.py             12      0   100%
module_6\src\db\load_data.py             82      0   100%
module_6\src\web\app\__init__.py          0      0   100%
module_6\src\web\app\app.py              47      0   100%
module_6\src\web\app\clean.py           175      0   100%
module_6\src\web\app\query_data.py       50      0   100%
module_6\src\worker\consumer.py          88      0   100%
module_6\src\worker\etl\__init__.py       0      0   100%
-------------------------------------------------------------------
TOTAL                                   454      0   100%
Required test coverage of 100% reached. Total coverage: 100.00%
206 passed in 2.99s    